[0m14:49:13.971272 [debug] [MainThread]: Sending event: {'category': 'dbt', 'action': 'invocation', 'label': 'start', 'context': [<snowplow_tracker.self_describing_json.SelfDescribingJson object at 0x000002DCFEDA93D0>, <snowplow_tracker.self_describing_json.SelfDescribingJson object at 0x000002DCFEDA9730>, <snowplow_tracker.self_describing_json.SelfDescribingJson object at 0x000002DCFEDAADB0>]}


============================== 14:49:13.977004 | 390cded2-6d6e-43de-b8c6-411a81e841d7 ==============================
[0m14:49:13.977004 [info ] [MainThread]: Running with dbt=1.8.6
[0m14:49:13.978526 [debug] [MainThread]: running dbt with arguments {'printer_width': '80', 'indirect_selection': 'eager', 'write_json': 'True', 'log_cache_events': 'False', 'partial_parse': 'True', 'cache_selected_only': 'False', 'profiles_dir': 'C:\\Users\\48507\\.dbt', 'version_check': 'True', 'warn_error': 'None', 'log_path': 'logs', 'fail_fast': 'False', 'debug': 'False', 'use_colors': 'True', 'use_experimental_parser': 'False', 'empty': 'None', 'quiet': 'False', 'no_print': 'None', 'log_format': 'default', 'introspect': 'True', 'invocation_command': 'dbt init', 'static_parser': 'True', 'target_path': 'None', 'warn_error_options': 'WarnErrorOptions(include=[], exclude=[])', 'send_anonymous_usage_stats': 'True'}
[0m14:49:14.007274 [warn ] [MainThread]: [ConfigFolderDirectory]: Unable to parse dict {'dir': WindowsPath('C:/Users/48507/.dbt')}
[0m14:49:14.007274 [info ] [MainThread]: Creating dbt configuration folder at 
[0m14:49:19.725900 [debug] [MainThread]: Starter project path: C:\Users\48507\PycharmProjects\elt\.venv\Lib\site-packages\dbt\include\starter_project
[0m14:49:19.760932 [info ] [MainThread]: 
Your new dbt project "custom_postgres" was created!

For more information on how to configure the profiles.yml file,
please consult the dbt documentation here:

  https://docs.getdbt.com/docs/configure-your-profile

One more thing:

Need help? Don't hesitate to reach out to us via GitHub issues or on Slack:

  https://community.getdbt.com/

Happy modeling!

[0m14:49:19.761923 [info ] [MainThread]: Setting up your profile.
[0m14:54:54.171729 [info ] [MainThread]: Profile custom_postgres written to C:\Users\48507\.dbt\profiles.yml using target's profile_template.yml and your supplied values. Run 'dbt debug' to validate the connection.
[0m14:54:54.172732 [debug] [MainThread]: Command `dbt init` succeeded at 14:54:54.172732 after 340.34 seconds
[0m14:54:54.173738 [debug] [MainThread]: Sending event: {'category': 'dbt', 'action': 'invocation', 'label': 'end', 'context': [<snowplow_tracker.self_describing_json.SelfDescribingJson object at 0x000002DCFEDA93D0>, <snowplow_tracker.self_describing_json.SelfDescribingJson object at 0x000002DCFFA27F80>, <snowplow_tracker.self_describing_json.SelfDescribingJson object at 0x000002DCFFA542C0>]}
[0m14:54:54.173738 [debug] [MainThread]: Flushing usage events
